2025-07-18 17:05:43-Arithmatic app-DEBUG-Adding 10 +15,result
2025-07-18 17:05:43-Arithmatic app-DEBUG-substraction 5 -2,result
2025-07-18 17:05:43-Arithmatic app-DEBUG-multiply 6*7,result
2025-07-18 17:05:43-Arithmatic app-DEBUG-divide 54 /6,result
2025-07-18 17:06:26-Arithmatic app-DEBUG-Adding 10 +15,result
2025-07-18 17:06:26-Arithmatic app-DEBUG-substraction 5 -2,result
2025-07-18 17:06:26-Arithmatic app-DEBUG-multiply 6*7,result
2025-07-18 17:06:26-Arithmatic app-DEBUG-divide 54 /6,result
2025-07-18 17:06:58-Arithmatic app-DEBUG-Adding 10 +15,result
2025-07-18 17:06:58-Arithmatic app-DEBUG-substraction 5 -2,result
2025-07-18 17:06:58-Arithmatic app-DEBUG-multiply 6*7,result
2025-07-18 17:06:58-Arithmatic app-DEBUG-divide 54 /6,result
2025-07-18 17:07:43-Arithmatic app-DEBUG-Adding 10 +15,result
2025-07-18 17:07:43-Arithmatic app-DEBUG-substraction 5 -2,result
2025-07-18 17:07:43-Arithmatic app-DEBUG-multiply 6*7,result
2025-07-18 17:07:43-Arithmatic app-DEBUG-divide 54 /6,result
2025-07-18 17:08:07-Arithmatic app-DEBUG-Adding 10 +15,result
2025-07-18 17:08:07-Arithmatic app-DEBUG-substraction 5 -2,result
2025-07-18 17:08:07-Arithmatic app-DEBUG-multiply 6*7,result
2025-07-18 17:08:07-Arithmatic app-ERROR-Division by zero error
2025-07-18 17:09:52-Arithmatic app-DEBUG-Adding 10 +15,result
2025-07-18 17:09:52-Arithmatic app-DEBUG-substraction 5 -2,result
2025-07-18 17:09:52-Arithmatic app-DEBUG-multiply 6*7,result
2025-07-18 17:09:52-Arithmatic app-ERROR-Division by zero error
2025-07-18 17:10:00-Arithmatic app-DEBUG-Adding 10 +15,result
2025-07-18 17:10:00-Arithmatic app-DEBUG-substraction 5 -2,result
2025-07-18 17:10:00-Arithmatic app-DEBUG-multiply 6*7,result
2025-07-18 17:10:00-Arithmatic app-DEBUG-divide 54 /6,result-
2025-07-19 16:35:11-Arithmatic app-DEBUG-Adding 10 +15,result
2025-07-19 16:35:11-Arithmatic app-DEBUG-substraction 5 -2,result
2025-07-19 16:35:11-Arithmatic app-DEBUG-multiply 6*7,result
2025-07-19 16:35:11-Arithmatic app-DEBUG-divide 54 /6,result-
2025-07-19 16:35:55-Arithmatic app-DEBUG-Adding 10 +15,result
2025-07-19 16:35:55-Arithmatic app-DEBUG-substraction 5 -2,result
2025-07-19 16:35:55-Arithmatic app-DEBUG-multiply 6*7,result
2025-07-19 16:35:55-Arithmatic app-DEBUG-divide 54 /6,result-
